[25-Jan-2024 15:20:56 UTC] PHP Warning:  mysqli::__construct(): (HY000/1045): Access denied for user ''@'localhost' (using password: NO) in /home2/ixocakuy/codigoqr.cetivirgendelapuerta.com/qrconbd/app/core/Database.php on line 23
[25-Jan-2024 15:25:26 UTC] PHP Warning:  mysqli::__construct(): (HY000/1045): Access denied for user ''@'localhost' (using password: NO) in /home2/ixocakuy/codigoqr.cetivirgendelapuerta.com/qrconbd/app/core/Database.php on line 23
[25-Jan-2024 15:25:28 UTC] PHP Warning:  mysqli::__construct(): (HY000/1045): Access denied for user ''@'localhost' (using password: NO) in /home2/ixocakuy/codigoqr.cetivirgendelapuerta.com/qrconbd/app/core/Database.php on line 23
[25-Jan-2024 15:25:29 UTC] PHP Warning:  mysqli::__construct(): (HY000/1045): Access denied for user ''@'localhost' (using password: NO) in /home2/ixocakuy/codigoqr.cetivirgendelapuerta.com/qrconbd/app/core/Database.php on line 23
[25-Jan-2024 15:25:30 UTC] PHP Warning:  mysqli::__construct(): (HY000/1045): Access denied for user ''@'localhost' (using password: NO) in /home2/ixocakuy/codigoqr.cetivirgendelapuerta.com/qrconbd/app/core/Database.php on line 23
[25-Jan-2024 15:25:33 UTC] PHP Warning:  mysqli::__construct(): (HY000/1045): Access denied for user ''@'localhost' (using password: NO) in /home2/ixocakuy/codigoqr.cetivirgendelapuerta.com/qrconbd/app/core/Database.php on line 23
[25-Jan-2024 15:26:03 UTC] PHP Fatal error:  Uncaught Exception: Table 'ixocakuy_codigoqrconbd.domains' doesn't exist query: SELECT  * FROM domains WHERE  host = ?  LIMIT 1 in /home2/ixocakuy/codigoqr.cetivirgendelapuerta.com/qrconbd/app/helpers/MysqliDb.php:2010
Stack trace:
#0 /home2/ixocakuy/codigoqr.cetivirgendelapuerta.com/qrconbd/app/helpers/MysqliDb.php(1598): Altum\Helpers\MysqliDb->_prepareQuery()
#1 /home2/ixocakuy/codigoqr.cetivirgendelapuerta.com/qrconbd/app/helpers/MysqliDb.php(747): Altum\Helpers\MysqliDb->_buildQuery()
#2 /home2/ixocakuy/codigoqr.cetivirgendelapuerta.com/qrconbd/app/helpers/MysqliDb.php(773): Altum\Helpers\MysqliDb->get()
#3 /home2/ixocakuy/codigoqr.cetivirgendelapuerta.com/qrconbd/app/models/Domain.php(76): Altum\Helpers\MysqliDb->getOne()
#4 /home2/ixocakuy/codigoqr.cetivirgendelapuerta.com/qrconbd/app/core/Router.php(957): Altum\Models\Domain->get_domain_by_host()
#5 /home2/ixocakuy/codigoqr.cetivirgendelapuerta.com/qrconbd/app/core/App.php(38): Altum\Router::parse_controller()
#6 /home2/ixocakuy/codigoqr.cetivirgendel in /home2/ixocakuy/codigoqr.cetivirgendelapuerta.com/qrconbd/app/helpers/MysqliDb.php on line 2010
[25-Jan-2024 15:26:08 UTC] PHP Fatal error:  Uncaught Exception: Table 'ixocakuy_codigoqrconbd.domains' doesn't exist query: SELECT  * FROM domains WHERE  host = ?  LIMIT 1 in /home2/ixocakuy/codigoqr.cetivirgendelapuerta.com/qrconbd/app/helpers/MysqliDb.php:2010
Stack trace:
#0 /home2/ixocakuy/codigoqr.cetivirgendelapuerta.com/qrconbd/app/helpers/MysqliDb.php(1598): Altum\Helpers\MysqliDb->_prepareQuery()
#1 /home2/ixocakuy/codigoqr.cetivirgendelapuerta.com/qrconbd/app/helpers/MysqliDb.php(747): Altum\Helpers\MysqliDb->_buildQuery()
#2 /home2/ixocakuy/codigoqr.cetivirgendelapuerta.com/qrconbd/app/helpers/MysqliDb.php(773): Altum\Helpers\MysqliDb->get()
#3 /home2/ixocakuy/codigoqr.cetivirgendelapuerta.com/qrconbd/app/models/Domain.php(76): Altum\Helpers\MysqliDb->getOne()
#4 /home2/ixocakuy/codigoqr.cetivirgendelapuerta.com/qrconbd/app/core/Router.php(957): Altum\Models\Domain->get_domain_by_host()
#5 /home2/ixocakuy/codigoqr.cetivirgendelapuerta.com/qrconbd/app/core/App.php(38): Altum\Router::parse_controller()
#6 /home2/ixocakuy/codigoqr.cetivirgendel in /home2/ixocakuy/codigoqr.cetivirgendelapuerta.com/qrconbd/app/helpers/MysqliDb.php on line 2010
[25-Jan-2024 15:27:13 UTC] PHP Notice:  Undefined property: stdClass::$links_limit in /home2/ixocakuy/codigoqr.cetivirgendelapuerta.com/qrconbd/themes/altum/views/partials/plans_plan_content.php on line 31
[25-Jan-2024 15:27:13 UTC] PHP Notice:  Undefined property: stdClass::$sensitive_content_is_enabled in /home2/ixocakuy/codigoqr.cetivirgendelapuerta.com/qrconbd/themes/altum/views/partials/plans_plan_content.php on line 128
[25-Jan-2024 15:27:13 UTC] PHP Notice:  Undefined property: stdClass::$qr_reader_is_enabled in /home2/ixocakuy/codigoqr.cetivirgendelapuerta.com/qrconbd/themes/altum/views/partials/plans_plan_content.php on line 146
[25-Jan-2024 15:27:13 UTC] PHP Notice:  Undefined property: stdClass::$sensitive_content_is_enabled in /home2/ixocakuy/codigoqr.cetivirgendelapuerta.com/qrconbd/themes/altum/views/partials/plans_plan_content.php on line 128
[25-Jan-2024 15:27:13 UTC] PHP Notice:  Undefined property: stdClass::$qr_reader_is_enabled in /home2/ixocakuy/codigoqr.cetivirgendelapuerta.com/qrconbd/themes/altum/views/partials/plans_plan_content.php on line 146
[25-Jan-2024 15:27:13 UTC] PHP Notice:  Undefined property: stdClass::$qr_code_reader_is_enabled in /home2/ixocakuy/codigoqr.cetivirgendelapuerta.com/qrconbd/themes/altum/views/partials/menu.php on line 23
[25-Jan-2024 15:27:13 UTC] PHP Notice:  Undefined property: stdClass::$contact in /home2/ixocakuy/codigoqr.cetivirgendelapuerta.com/qrconbd/themes/altum/views/partials/footer.php on line 64
[25-Jan-2024 15:27:13 UTC] PHP Notice:  Undefined property: stdClass::$is_enabled in /home2/ixocakuy/codigoqr.cetivirgendelapuerta.com/qrconbd/themes/altum/views/partials/footer.php on line 68
[25-Jan-2024 15:27:13 UTC] PHP Notice:  Undefined property: stdClass::$guests_content in /home2/ixocakuy/codigoqr.cetivirgendelapuerta.com/qrconbd/themes/altum/views/partials/announcements.php on line 4
[25-Jan-2024 15:27:13 UTC] PHP Notice:  Undefined property: stdClass::$users_content in /home2/ixocakuy/codigoqr.cetivirgendelapuerta.com/qrconbd/themes/altum/views/partials/announcements.php on line 4
[25-Jan-2024 15:27:13 UTC] PHP Notice:  Undefined property: stdClass::$is_enabled in /home2/ixocakuy/codigoqr.cetivirgendelapuerta.com/qrconbd/themes/altum/views/partials/cookie_consent.php on line 3
[25-Jan-2024 15:28:45 UTC] PHP Notice:  Undefined property: stdClass::$links_limit in /home2/ixocakuy/codigoqr.cetivirgendelapuerta.com/qrconbd/themes/altum/views/partials/plans_plan_content.php on line 31
[25-Jan-2024 15:28:45 UTC] PHP Notice:  Undefined property: stdClass::$sensitive_content_is_enabled in /home2/ixocakuy/codigoqr.cetivirgendelapuerta.com/qrconbd/themes/altum/views/partials/plans_plan_content.php on line 128
[25-Jan-2024 15:28:45 UTC] PHP Notice:  Undefined property: stdClass::$qr_reader_is_enabled in /home2/ixocakuy/codigoqr.cetivirgendelapuerta.com/qrconbd/themes/altum/views/partials/plans_plan_content.php on line 146
[25-Jan-2024 15:28:45 UTC] PHP Notice:  Undefined property: stdClass::$sensitive_content_is_enabled in /home2/ixocakuy/codigoqr.cetivirgendelapuerta.com/qrconbd/themes/altum/views/partials/plans_plan_content.php on line 128
[25-Jan-2024 15:28:45 UTC] PHP Notice:  Undefined property: stdClass::$qr_reader_is_enabled in /home2/ixocakuy/codigoqr.cetivirgendelapuerta.com/qrconbd/themes/altum/views/partials/plans_plan_content.php on line 146
[25-Jan-2024 15:28:45 UTC] PHP Notice:  Undefined property: stdClass::$qr_code_reader_is_enabled in /home2/ixocakuy/codigoqr.cetivirgendelapuerta.com/qrconbd/themes/altum/views/partials/menu.php on line 23
[25-Jan-2024 15:28:45 UTC] PHP Notice:  Undefined property: stdClass::$contact in /home2/ixocakuy/codigoqr.cetivirgendelapuerta.com/qrconbd/themes/altum/views/partials/footer.php on line 64
[25-Jan-2024 15:28:45 UTC] PHP Notice:  Undefined property: stdClass::$is_enabled in /home2/ixocakuy/codigoqr.cetivirgendelapuerta.com/qrconbd/themes/altum/views/partials/footer.php on line 68
[25-Jan-2024 15:28:45 UTC] PHP Notice:  Undefined property: stdClass::$guests_content in /home2/ixocakuy/codigoqr.cetivirgendelapuerta.com/qrconbd/themes/altum/views/partials/announcements.php on line 4
[25-Jan-2024 15:28:45 UTC] PHP Notice:  Undefined property: stdClass::$users_content in /home2/ixocakuy/codigoqr.cetivirgendelapuerta.com/qrconbd/themes/altum/views/partials/announcements.php on line 4
[25-Jan-2024 15:28:45 UTC] PHP Notice:  Undefined property: stdClass::$is_enabled in /home2/ixocakuy/codigoqr.cetivirgendelapuerta.com/qrconbd/themes/altum/views/partials/cookie_consent.php on line 3
[25-Jan-2024 15:33:27 UTC] PHP Notice:  Undefined property: stdClass::$links_limit in /home2/ixocakuy/codigoqr.cetivirgendelapuerta.com/qrconbd/themes/altum/views/partials/plans_plan_content.php on line 31
[25-Jan-2024 15:33:27 UTC] PHP Notice:  Undefined property: stdClass::$sensitive_content_is_enabled in /home2/ixocakuy/codigoqr.cetivirgendelapuerta.com/qrconbd/themes/altum/views/partials/plans_plan_content.php on line 128
[25-Jan-2024 15:33:27 UTC] PHP Notice:  Undefined property: stdClass::$qr_reader_is_enabled in /home2/ixocakuy/codigoqr.cetivirgendelapuerta.com/qrconbd/themes/altum/views/partials/plans_plan_content.php on line 146
[25-Jan-2024 15:33:27 UTC] PHP Notice:  Undefined property: stdClass::$sensitive_content_is_enabled in /home2/ixocakuy/codigoqr.cetivirgendelapuerta.com/qrconbd/themes/altum/views/partials/plans_plan_content.php on line 128
[25-Jan-2024 15:33:27 UTC] PHP Notice:  Undefined property: stdClass::$qr_reader_is_enabled in /home2/ixocakuy/codigoqr.cetivirgendelapuerta.com/qrconbd/themes/altum/views/partials/plans_plan_content.php on line 146
[25-Jan-2024 15:33:27 UTC] PHP Notice:  Undefined property: stdClass::$qr_code_reader_is_enabled in /home2/ixocakuy/codigoqr.cetivirgendelapuerta.com/qrconbd/themes/altum/views/partials/menu.php on line 23
[25-Jan-2024 15:33:27 UTC] PHP Notice:  Undefined property: stdClass::$contact in /home2/ixocakuy/codigoqr.cetivirgendelapuerta.com/qrconbd/themes/altum/views/partials/footer.php on line 64
[25-Jan-2024 15:33:27 UTC] PHP Notice:  Undefined property: stdClass::$is_enabled in /home2/ixocakuy/codigoqr.cetivirgendelapuerta.com/qrconbd/themes/altum/views/partials/footer.php on line 68
[25-Jan-2024 15:33:27 UTC] PHP Notice:  Undefined property: stdClass::$guests_content in /home2/ixocakuy/codigoqr.cetivirgendelapuerta.com/qrconbd/themes/altum/views/partials/announcements.php on line 4
[25-Jan-2024 15:33:27 UTC] PHP Notice:  Undefined property: stdClass::$users_content in /home2/ixocakuy/codigoqr.cetivirgendelapuerta.com/qrconbd/themes/altum/views/partials/announcements.php on line 4
[25-Jan-2024 15:33:27 UTC] PHP Notice:  Undefined property: stdClass::$is_enabled in /home2/ixocakuy/codigoqr.cetivirgendelapuerta.com/qrconbd/themes/altum/views/partials/cookie_consent.php on line 3
[25-Jan-2024 15:33:36 UTC] PHP Notice:  Undefined property: stdClass::$guests_content in /home2/ixocakuy/codigoqr.cetivirgendelapuerta.com/qrconbd/themes/altum/views/partials/announcements.php on line 4
[25-Jan-2024 15:33:36 UTC] PHP Notice:  Undefined property: stdClass::$users_content in /home2/ixocakuy/codigoqr.cetivirgendelapuerta.com/qrconbd/themes/altum/views/partials/announcements.php on line 4
[25-Jan-2024 15:33:36 UTC] PHP Notice:  Undefined property: stdClass::$is_enabled in /home2/ixocakuy/codigoqr.cetivirgendelapuerta.com/qrconbd/themes/altum/views/partials/cookie_consent.php on line 3
[25-Jan-2024 15:33:38 UTC] PHP Notice:  Undefined property: stdClass::$links_limit in /home2/ixocakuy/codigoqr.cetivirgendelapuerta.com/qrconbd/themes/altum/views/partials/plans_plan_content.php on line 31
[25-Jan-2024 15:33:38 UTC] PHP Notice:  Undefined property: stdClass::$sensitive_content_is_enabled in /home2/ixocakuy/codigoqr.cetivirgendelapuerta.com/qrconbd/themes/altum/views/partials/plans_plan_content.php on line 128
[25-Jan-2024 15:33:38 UTC] PHP Notice:  Undefined property: stdClass::$qr_reader_is_enabled in /home2/ixocakuy/codigoqr.cetivirgendelapuerta.com/qrconbd/themes/altum/views/partials/plans_plan_content.php on line 146
[25-Jan-2024 15:33:38 UTC] PHP Notice:  Undefined property: stdClass::$sensitive_content_is_enabled in /home2/ixocakuy/codigoqr.cetivirgendelapuerta.com/qrconbd/themes/altum/views/partials/plans_plan_content.php on line 128
[25-Jan-2024 15:33:38 UTC] PHP Notice:  Undefined property: stdClass::$qr_reader_is_enabled in /home2/ixocakuy/codigoqr.cetivirgendelapuerta.com/qrconbd/themes/altum/views/partials/plans_plan_content.php on line 146
[25-Jan-2024 15:33:38 UTC] PHP Notice:  Undefined property: stdClass::$qr_code_reader_is_enabled in /home2/ixocakuy/codigoqr.cetivirgendelapuerta.com/qrconbd/themes/altum/views/partials/menu.php on line 23
[25-Jan-2024 15:33:38 UTC] PHP Notice:  Undefined property: stdClass::$contact in /home2/ixocakuy/codigoqr.cetivirgendelapuerta.com/qrconbd/themes/altum/views/partials/footer.php on line 64
[25-Jan-2024 15:33:38 UTC] PHP Notice:  Undefined property: stdClass::$is_enabled in /home2/ixocakuy/codigoqr.cetivirgendelapuerta.com/qrconbd/themes/altum/views/partials/footer.php on line 68
[25-Jan-2024 15:33:38 UTC] PHP Notice:  Undefined property: stdClass::$guests_content in /home2/ixocakuy/codigoqr.cetivirgendelapuerta.com/qrconbd/themes/altum/views/partials/announcements.php on line 4
[25-Jan-2024 15:33:38 UTC] PHP Notice:  Undefined property: stdClass::$users_content in /home2/ixocakuy/codigoqr.cetivirgendelapuerta.com/qrconbd/themes/altum/views/partials/announcements.php on line 4
[25-Jan-2024 15:33:38 UTC] PHP Notice:  Undefined property: stdClass::$is_enabled in /home2/ixocakuy/codigoqr.cetivirgendelapuerta.com/qrconbd/themes/altum/views/partials/cookie_consent.php on line 3
[25-Jan-2024 15:33:39 UTC] PHP Notice:  Undefined property: stdClass::$guests_content in /home2/ixocakuy/codigoqr.cetivirgendelapuerta.com/qrconbd/themes/altum/views/partials/announcements.php on line 4
[25-Jan-2024 15:33:39 UTC] PHP Notice:  Undefined property: stdClass::$users_content in /home2/ixocakuy/codigoqr.cetivirgendelapuerta.com/qrconbd/themes/altum/views/partials/announcements.php on line 4
[25-Jan-2024 15:33:39 UTC] PHP Notice:  Undefined property: stdClass::$is_enabled in /home2/ixocakuy/codigoqr.cetivirgendelapuerta.com/qrconbd/themes/altum/views/partials/cookie_consent.php on line 3
[25-Jan-2024 15:34:48 UTC] PHP Notice:  Undefined property: stdClass::$links_limit in /home2/ixocakuy/codigoqr.cetivirgendelapuerta.com/qrconbd/themes/altum/views/partials/plans_plan_content.php on line 31
[25-Jan-2024 15:34:48 UTC] PHP Notice:  Undefined property: stdClass::$sensitive_content_is_enabled in /home2/ixocakuy/codigoqr.cetivirgendelapuerta.com/qrconbd/themes/altum/views/partials/plans_plan_content.php on line 128
[25-Jan-2024 15:34:48 UTC] PHP Notice:  Undefined property: stdClass::$qr_reader_is_enabled in /home2/ixocakuy/codigoqr.cetivirgendelapuerta.com/qrconbd/themes/altum/views/partials/plans_plan_content.php on line 146
[25-Jan-2024 15:34:48 UTC] PHP Notice:  Undefined property: stdClass::$sensitive_content_is_enabled in /home2/ixocakuy/codigoqr.cetivirgendelapuerta.com/qrconbd/themes/altum/views/partials/plans_plan_content.php on line 128
[25-Jan-2024 15:34:48 UTC] PHP Notice:  Undefined property: stdClass::$qr_reader_is_enabled in /home2/ixocakuy/codigoqr.cetivirgendelapuerta.com/qrconbd/themes/altum/views/partials/plans_plan_content.php on line 146
[25-Jan-2024 15:34:48 UTC] PHP Notice:  Undefined property: stdClass::$qr_code_reader_is_enabled in /home2/ixocakuy/codigoqr.cetivirgendelapuerta.com/qrconbd/themes/altum/views/partials/menu.php on line 23
[25-Jan-2024 15:34:48 UTC] PHP Notice:  Undefined property: stdClass::$contact in /home2/ixocakuy/codigoqr.cetivirgendelapuerta.com/qrconbd/themes/altum/views/partials/footer.php on line 64
[25-Jan-2024 15:34:48 UTC] PHP Notice:  Undefined property: stdClass::$is_enabled in /home2/ixocakuy/codigoqr.cetivirgendelapuerta.com/qrconbd/themes/altum/views/partials/footer.php on line 68
[25-Jan-2024 15:34:48 UTC] PHP Notice:  Undefined property: stdClass::$guests_content in /home2/ixocakuy/codigoqr.cetivirgendelapuerta.com/qrconbd/themes/altum/views/partials/announcements.php on line 4
[25-Jan-2024 15:34:48 UTC] PHP Notice:  Undefined property: stdClass::$users_content in /home2/ixocakuy/codigoqr.cetivirgendelapuerta.com/qrconbd/themes/altum/views/partials/announcements.php on line 4
[25-Jan-2024 15:34:48 UTC] PHP Notice:  Undefined property: stdClass::$is_enabled in /home2/ixocakuy/codigoqr.cetivirgendelapuerta.com/qrconbd/themes/altum/views/partials/cookie_consent.php on line 3
[25-Jan-2024 15:35:01 UTC] PHP Notice:  Undefined property: stdClass::$paypal in /home2/ixocakuy/codigoqr.cetivirgendelapuerta.com/qrconbd/themes/altum/views/qr/index.php on line 11
[25-Jan-2024 15:35:01 UTC] PHP Notice:  Undefined property: stdClass::$qr_code_reader_is_enabled in /home2/ixocakuy/codigoqr.cetivirgendelapuerta.com/qrconbd/themes/altum/views/partials/menu.php on line 23
[25-Jan-2024 15:35:01 UTC] PHP Notice:  Undefined property: stdClass::$contact in /home2/ixocakuy/codigoqr.cetivirgendelapuerta.com/qrconbd/themes/altum/views/partials/footer.php on line 64
[25-Jan-2024 15:35:01 UTC] PHP Notice:  Undefined property: stdClass::$is_enabled in /home2/ixocakuy/codigoqr.cetivirgendelapuerta.com/qrconbd/themes/altum/views/partials/footer.php on line 68
[25-Jan-2024 15:35:01 UTC] PHP Notice:  Undefined property: stdClass::$guests_content in /home2/ixocakuy/codigoqr.cetivirgendelapuerta.com/qrconbd/themes/altum/views/partials/announcements.php on line 4
[25-Jan-2024 15:35:01 UTC] PHP Notice:  Undefined property: stdClass::$users_content in /home2/ixocakuy/codigoqr.cetivirgendelapuerta.com/qrconbd/themes/altum/views/partials/announcements.php on line 4
[25-Jan-2024 15:35:01 UTC] PHP Notice:  Undefined property: stdClass::$is_enabled in /home2/ixocakuy/codigoqr.cetivirgendelapuerta.com/qrconbd/themes/altum/views/partials/cookie_consent.php on line 3
[25-Jan-2024 15:35:25 UTC] PHP Notice:  Undefined property: stdClass::$paypal in /home2/ixocakuy/codigoqr.cetivirgendelapuerta.com/qrconbd/themes/altum/views/qr/index.php on line 11
[25-Jan-2024 15:35:25 UTC] PHP Notice:  Undefined property: stdClass::$qr_code_reader_is_enabled in /home2/ixocakuy/codigoqr.cetivirgendelapuerta.com/qrconbd/themes/altum/views/partials/menu.php on line 23
[25-Jan-2024 15:35:25 UTC] PHP Notice:  Undefined property: stdClass::$contact in /home2/ixocakuy/codigoqr.cetivirgendelapuerta.com/qrconbd/themes/altum/views/partials/footer.php on line 64
[25-Jan-2024 15:35:25 UTC] PHP Notice:  Undefined property: stdClass::$is_enabled in /home2/ixocakuy/codigoqr.cetivirgendelapuerta.com/qrconbd/themes/altum/views/partials/footer.php on line 68
[25-Jan-2024 15:35:25 UTC] PHP Notice:  Undefined property: stdClass::$guests_content in /home2/ixocakuy/codigoqr.cetivirgendelapuerta.com/qrconbd/themes/altum/views/partials/announcements.php on line 4
[25-Jan-2024 15:35:25 UTC] PHP Notice:  Undefined property: stdClass::$users_content in /home2/ixocakuy/codigoqr.cetivirgendelapuerta.com/qrconbd/themes/altum/views/partials/announcements.php on line 4
[25-Jan-2024 15:35:25 UTC] PHP Notice:  Undefined property: stdClass::$is_enabled in /home2/ixocakuy/codigoqr.cetivirgendelapuerta.com/qrconbd/themes/altum/views/partials/cookie_consent.php on line 3
[25-Jan-2024 15:35:27 UTC] PHP Notice:  Undefined property: stdClass::$paypal in /home2/ixocakuy/codigoqr.cetivirgendelapuerta.com/qrconbd/themes/altum/views/qr/index.php on line 11
[25-Jan-2024 15:35:27 UTC] PHP Notice:  Undefined property: stdClass::$qr_code_reader_is_enabled in /home2/ixocakuy/codigoqr.cetivirgendelapuerta.com/qrconbd/themes/altum/views/partials/menu.php on line 23
[25-Jan-2024 15:35:27 UTC] PHP Notice:  Undefined property: stdClass::$contact in /home2/ixocakuy/codigoqr.cetivirgendelapuerta.com/qrconbd/themes/altum/views/partials/footer.php on line 64
[25-Jan-2024 15:35:27 UTC] PHP Notice:  Undefined property: stdClass::$is_enabled in /home2/ixocakuy/codigoqr.cetivirgendelapuerta.com/qrconbd/themes/altum/views/partials/footer.php on line 68
[25-Jan-2024 15:35:27 UTC] PHP Notice:  Undefined property: stdClass::$guests_content in /home2/ixocakuy/codigoqr.cetivirgendelapuerta.com/qrconbd/themes/altum/views/partials/announcements.php on line 4
[25-Jan-2024 15:35:27 UTC] PHP Notice:  Undefined property: stdClass::$users_content in /home2/ixocakuy/codigoqr.cetivirgendelapuerta.com/qrconbd/themes/altum/views/partials/announcements.php on line 4
[25-Jan-2024 15:35:27 UTC] PHP Notice:  Undefined property: stdClass::$is_enabled in /home2/ixocakuy/codigoqr.cetivirgendelapuerta.com/qrconbd/themes/altum/views/partials/cookie_consent.php on line 3
[25-Jan-2024 15:35:33 UTC] PHP Notice:  Undefined property: stdClass::$guests_content in /home2/ixocakuy/codigoqr.cetivirgendelapuerta.com/qrconbd/themes/altum/views/partials/announcements.php on line 4
[25-Jan-2024 15:35:33 UTC] PHP Notice:  Undefined property: stdClass::$users_content in /home2/ixocakuy/codigoqr.cetivirgendelapuerta.com/qrconbd/themes/altum/views/partials/announcements.php on line 4
[25-Jan-2024 15:35:33 UTC] PHP Notice:  Undefined property: stdClass::$is_enabled in /home2/ixocakuy/codigoqr.cetivirgendelapuerta.com/qrconbd/themes/altum/views/partials/cookie_consent.php on line 3
[25-Jan-2024 15:35:41 UTC] PHP Notice:  Undefined property: stdClass::$guests_content in /home2/ixocakuy/codigoqr.cetivirgendelapuerta.com/qrconbd/themes/altum/views/partials/announcements.php on line 4
[25-Jan-2024 15:35:41 UTC] PHP Notice:  Undefined property: stdClass::$users_content in /home2/ixocakuy/codigoqr.cetivirgendelapuerta.com/qrconbd/themes/altum/views/partials/announcements.php on line 4
[25-Jan-2024 15:35:41 UTC] PHP Notice:  Undefined property: stdClass::$is_enabled in /home2/ixocakuy/codigoqr.cetivirgendelapuerta.com/qrconbd/themes/altum/views/partials/cookie_consent.php on line 3
[25-Jan-2024 15:35:44 UTC] PHP Notice:  Undefined property: stdClass::$guests_content in /home2/ixocakuy/codigoqr.cetivirgendelapuerta.com/qrconbd/themes/altum/views/partials/announcements.php on line 4
[25-Jan-2024 15:35:44 UTC] PHP Notice:  Undefined property: stdClass::$users_content in /home2/ixocakuy/codigoqr.cetivirgendelapuerta.com/qrconbd/themes/altum/views/partials/announcements.php on line 4
[25-Jan-2024 15:35:44 UTC] PHP Notice:  Undefined property: stdClass::$is_enabled in /home2/ixocakuy/codigoqr.cetivirgendelapuerta.com/qrconbd/themes/altum/views/partials/cookie_consent.php on line 3
[25-Jan-2024 15:35:53 UTC] PHP Notice:  Undefined property: stdClass::$guests_content in /home2/ixocakuy/codigoqr.cetivirgendelapuerta.com/qrconbd/themes/altum/views/partials/announcements.php on line 4
[25-Jan-2024 15:35:53 UTC] PHP Notice:  Undefined property: stdClass::$users_content in /home2/ixocakuy/codigoqr.cetivirgendelapuerta.com/qrconbd/themes/altum/views/partials/announcements.php on line 4
[25-Jan-2024 15:35:53 UTC] PHP Notice:  Undefined property: stdClass::$is_enabled in /home2/ixocakuy/codigoqr.cetivirgendelapuerta.com/qrconbd/themes/altum/views/partials/cookie_consent.php on line 3
[25-Jan-2024 15:35:54 UTC] PHP Notice:  Undefined property: stdClass::$guests_content in /home2/ixocakuy/codigoqr.cetivirgendelapuerta.com/qrconbd/themes/altum/views/partials/announcements.php on line 4
[25-Jan-2024 15:35:54 UTC] PHP Notice:  Undefined property: stdClass::$users_content in /home2/ixocakuy/codigoqr.cetivirgendelapuerta.com/qrconbd/themes/altum/views/partials/announcements.php on line 4
[25-Jan-2024 15:35:54 UTC] PHP Notice:  Undefined property: stdClass::$is_enabled in /home2/ixocakuy/codigoqr.cetivirgendelapuerta.com/qrconbd/themes/altum/views/partials/cookie_consent.php on line 3
[25-Jan-2024 15:35:58 UTC] PHP Notice:  Undefined property: stdClass::$paypal in /home2/ixocakuy/codigoqr.cetivirgendelapuerta.com/qrconbd/themes/altum/views/qr/index.php on line 11
[25-Jan-2024 15:35:58 UTC] PHP Notice:  Undefined property: stdClass::$qr_code_reader_is_enabled in /home2/ixocakuy/codigoqr.cetivirgendelapuerta.com/qrconbd/themes/altum/views/partials/menu.php on line 23
[25-Jan-2024 15:35:58 UTC] PHP Notice:  Undefined property: stdClass::$contact in /home2/ixocakuy/codigoqr.cetivirgendelapuerta.com/qrconbd/themes/altum/views/partials/footer.php on line 64
[25-Jan-2024 15:35:58 UTC] PHP Notice:  Undefined property: stdClass::$is_enabled in /home2/ixocakuy/codigoqr.cetivirgendelapuerta.com/qrconbd/themes/altum/views/partials/footer.php on line 68
[25-Jan-2024 15:35:58 UTC] PHP Notice:  Undefined property: stdClass::$guests_content in /home2/ixocakuy/codigoqr.cetivirgendelapuerta.com/qrconbd/themes/altum/views/partials/announcements.php on line 4
[25-Jan-2024 15:35:58 UTC] PHP Notice:  Undefined property: stdClass::$users_content in /home2/ixocakuy/codigoqr.cetivirgendelapuerta.com/qrconbd/themes/altum/views/partials/announcements.php on line 4
[25-Jan-2024 15:35:58 UTC] PHP Notice:  Undefined property: stdClass::$is_enabled in /home2/ixocakuy/codigoqr.cetivirgendelapuerta.com/qrconbd/themes/altum/views/partials/cookie_consent.php on line 3
[25-Jan-2024 15:36:00 UTC] PHP Notice:  Undefined property: stdClass::$links_limit in /home2/ixocakuy/codigoqr.cetivirgendelapuerta.com/qrconbd/themes/altum/views/partials/plans_plan_content.php on line 31
[25-Jan-2024 15:36:00 UTC] PHP Notice:  Undefined property: stdClass::$sensitive_content_is_enabled in /home2/ixocakuy/codigoqr.cetivirgendelapuerta.com/qrconbd/themes/altum/views/partials/plans_plan_content.php on line 128
[25-Jan-2024 15:36:00 UTC] PHP Notice:  Undefined property: stdClass::$qr_reader_is_enabled in /home2/ixocakuy/codigoqr.cetivirgendelapuerta.com/qrconbd/themes/altum/views/partials/plans_plan_content.php on line 146
[25-Jan-2024 15:36:00 UTC] PHP Notice:  Undefined property: stdClass::$sensitive_content_is_enabled in /home2/ixocakuy/codigoqr.cetivirgendelapuerta.com/qrconbd/themes/altum/views/partials/plans_plan_content.php on line 128
[25-Jan-2024 15:36:00 UTC] PHP Notice:  Undefined property: stdClass::$qr_reader_is_enabled in /home2/ixocakuy/codigoqr.cetivirgendelapuerta.com/qrconbd/themes/altum/views/partials/plans_plan_content.php on line 146
[25-Jan-2024 15:36:00 UTC] PHP Notice:  Undefined property: stdClass::$qr_code_reader_is_enabled in /home2/ixocakuy/codigoqr.cetivirgendelapuerta.com/qrconbd/themes/altum/views/partials/menu.php on line 23
[25-Jan-2024 15:36:00 UTC] PHP Notice:  Undefined property: stdClass::$contact in /home2/ixocakuy/codigoqr.cetivirgendelapuerta.com/qrconbd/themes/altum/views/partials/footer.php on line 64
[25-Jan-2024 15:36:00 UTC] PHP Notice:  Undefined property: stdClass::$is_enabled in /home2/ixocakuy/codigoqr.cetivirgendelapuerta.com/qrconbd/themes/altum/views/partials/footer.php on line 68
[25-Jan-2024 15:36:00 UTC] PHP Notice:  Undefined property: stdClass::$guests_content in /home2/ixocakuy/codigoqr.cetivirgendelapuerta.com/qrconbd/themes/altum/views/partials/announcements.php on line 4
[25-Jan-2024 15:36:00 UTC] PHP Notice:  Undefined property: stdClass::$users_content in /home2/ixocakuy/codigoqr.cetivirgendelapuerta.com/qrconbd/themes/altum/views/partials/announcements.php on line 4
[25-Jan-2024 15:36:00 UTC] PHP Notice:  Undefined property: stdClass::$is_enabled in /home2/ixocakuy/codigoqr.cetivirgendelapuerta.com/qrconbd/themes/altum/views/partials/cookie_consent.php on line 3
[25-Jan-2024 15:37:00 UTC] PHP Notice:  Undefined property: stdClass::$links_limit in /home2/ixocakuy/codigoqr.cetivirgendelapuerta.com/qrconbd/themes/altum/views/partials/plans_plan_content.php on line 31
[25-Jan-2024 15:37:00 UTC] PHP Notice:  Undefined property: stdClass::$sensitive_content_is_enabled in /home2/ixocakuy/codigoqr.cetivirgendelapuerta.com/qrconbd/themes/altum/views/partials/plans_plan_content.php on line 128
[25-Jan-2024 15:37:00 UTC] PHP Notice:  Undefined property: stdClass::$qr_reader_is_enabled in /home2/ixocakuy/codigoqr.cetivirgendelapuerta.com/qrconbd/themes/altum/views/partials/plans_plan_content.php on line 146
[25-Jan-2024 15:37:00 UTC] PHP Notice:  Undefined property: stdClass::$sensitive_content_is_enabled in /home2/ixocakuy/codigoqr.cetivirgendelapuerta.com/qrconbd/themes/altum/views/partials/plans_plan_content.php on line 128
[25-Jan-2024 15:37:00 UTC] PHP Notice:  Undefined property: stdClass::$qr_reader_is_enabled in /home2/ixocakuy/codigoqr.cetivirgendelapuerta.com/qrconbd/themes/altum/views/partials/plans_plan_content.php on line 146
[25-Jan-2024 15:37:00 UTC] PHP Notice:  Undefined property: stdClass::$qr_code_reader_is_enabled in /home2/ixocakuy/codigoqr.cetivirgendelapuerta.com/qrconbd/themes/altum/views/partials/menu.php on line 23
[25-Jan-2024 15:37:00 UTC] PHP Notice:  Undefined property: stdClass::$contact in /home2/ixocakuy/codigoqr.cetivirgendelapuerta.com/qrconbd/themes/altum/views/partials/footer.php on line 64
[25-Jan-2024 15:37:00 UTC] PHP Notice:  Undefined property: stdClass::$is_enabled in /home2/ixocakuy/codigoqr.cetivirgendelapuerta.com/qrconbd/themes/altum/views/partials/footer.php on line 68
[25-Jan-2024 15:37:00 UTC] PHP Notice:  Undefined property: stdClass::$guests_content in /home2/ixocakuy/codigoqr.cetivirgendelapuerta.com/qrconbd/themes/altum/views/partials/announcements.php on line 4
[25-Jan-2024 15:37:00 UTC] PHP Notice:  Undefined property: stdClass::$users_content in /home2/ixocakuy/codigoqr.cetivirgendelapuerta.com/qrconbd/themes/altum/views/partials/announcements.php on line 4
[25-Jan-2024 15:37:00 UTC] PHP Notice:  Undefined property: stdClass::$is_enabled in /home2/ixocakuy/codigoqr.cetivirgendelapuerta.com/qrconbd/themes/altum/views/partials/cookie_consent.php on line 3
[25-Jan-2024 15:37:02 UTC] PHP Notice:  Undefined property: stdClass::$links_limit in /home2/ixocakuy/codigoqr.cetivirgendelapuerta.com/qrconbd/themes/altum/views/partials/plans_plan_content.php on line 31
[25-Jan-2024 15:37:02 UTC] PHP Notice:  Undefined property: stdClass::$sensitive_content_is_enabled in /home2/ixocakuy/codigoqr.cetivirgendelapuerta.com/qrconbd/themes/altum/views/partials/plans_plan_content.php on line 128
[25-Jan-2024 15:37:02 UTC] PHP Notice:  Undefined property: stdClass::$qr_reader_is_enabled in /home2/ixocakuy/codigoqr.cetivirgendelapuerta.com/qrconbd/themes/altum/views/partials/plans_plan_content.php on line 146
[25-Jan-2024 15:37:02 UTC] PHP Notice:  Undefined property: stdClass::$sensitive_content_is_enabled in /home2/ixocakuy/codigoqr.cetivirgendelapuerta.com/qrconbd/themes/altum/views/partials/plans_plan_content.php on line 128
[25-Jan-2024 15:37:02 UTC] PHP Notice:  Undefined property: stdClass::$qr_reader_is_enabled in /home2/ixocakuy/codigoqr.cetivirgendelapuerta.com/qrconbd/themes/altum/views/partials/plans_plan_content.php on line 146
[25-Jan-2024 15:37:02 UTC] PHP Notice:  Undefined property: stdClass::$qr_code_reader_is_enabled in /home2/ixocakuy/codigoqr.cetivirgendelapuerta.com/qrconbd/themes/altum/views/partials/menu.php on line 23
[25-Jan-2024 15:37:02 UTC] PHP Notice:  Undefined property: stdClass::$contact in /home2/ixocakuy/codigoqr.cetivirgendelapuerta.com/qrconbd/themes/altum/views/partials/footer.php on line 64
[25-Jan-2024 15:37:02 UTC] PHP Notice:  Undefined property: stdClass::$is_enabled in /home2/ixocakuy/codigoqr.cetivirgendelapuerta.com/qrconbd/themes/altum/views/partials/footer.php on line 68
[25-Jan-2024 15:37:02 UTC] PHP Notice:  Undefined property: stdClass::$guests_content in /home2/ixocakuy/codigoqr.cetivirgendelapuerta.com/qrconbd/themes/altum/views/partials/announcements.php on line 4
[25-Jan-2024 15:37:02 UTC] PHP Notice:  Undefined property: stdClass::$users_content in /home2/ixocakuy/codigoqr.cetivirgendelapuerta.com/qrconbd/themes/altum/views/partials/announcements.php on line 4
[25-Jan-2024 15:37:02 UTC] PHP Notice:  Undefined property: stdClass::$is_enabled in /home2/ixocakuy/codigoqr.cetivirgendelapuerta.com/qrconbd/themes/altum/views/partials/cookie_consent.php on line 3
[25-Jan-2024 15:43:48 UTC] PHP Notice:  Undefined property: stdClass::$links_limit in /home2/ixocakuy/codigoqr.cetivirgendelapuerta.com/qrconbd/themes/altum/views/partials/plans_plan_content.php on line 31
[25-Jan-2024 15:43:48 UTC] PHP Notice:  Undefined property: stdClass::$sensitive_content_is_enabled in /home2/ixocakuy/codigoqr.cetivirgendelapuerta.com/qrconbd/themes/altum/views/partials/plans_plan_content.php on line 128
[25-Jan-2024 15:43:48 UTC] PHP Notice:  Undefined property: stdClass::$qr_reader_is_enabled in /home2/ixocakuy/codigoqr.cetivirgendelapuerta.com/qrconbd/themes/altum/views/partials/plans_plan_content.php on line 146
[25-Jan-2024 15:43:48 UTC] PHP Notice:  Undefined property: stdClass::$sensitive_content_is_enabled in /home2/ixocakuy/codigoqr.cetivirgendelapuerta.com/qrconbd/themes/altum/views/partials/plans_plan_content.php on line 128
[25-Jan-2024 15:43:48 UTC] PHP Notice:  Undefined property: stdClass::$qr_reader_is_enabled in /home2/ixocakuy/codigoqr.cetivirgendelapuerta.com/qrconbd/themes/altum/views/partials/plans_plan_content.php on line 146
[25-Jan-2024 15:43:48 UTC] PHP Notice:  Undefined property: stdClass::$qr_code_reader_is_enabled in /home2/ixocakuy/codigoqr.cetivirgendelapuerta.com/qrconbd/themes/altum/views/partials/menu.php on line 23
[25-Jan-2024 15:43:48 UTC] PHP Notice:  Undefined property: stdClass::$contact in /home2/ixocakuy/codigoqr.cetivirgendelapuerta.com/qrconbd/themes/altum/views/partials/footer.php on line 64
[25-Jan-2024 15:43:48 UTC] PHP Notice:  Undefined property: stdClass::$is_enabled in /home2/ixocakuy/codigoqr.cetivirgendelapuerta.com/qrconbd/themes/altum/views/partials/footer.php on line 68
[25-Jan-2024 15:43:48 UTC] PHP Notice:  Undefined property: stdClass::$guests_content in /home2/ixocakuy/codigoqr.cetivirgendelapuerta.com/qrconbd/themes/altum/views/partials/announcements.php on line 4
[25-Jan-2024 15:43:48 UTC] PHP Notice:  Undefined property: stdClass::$users_content in /home2/ixocakuy/codigoqr.cetivirgendelapuerta.com/qrconbd/themes/altum/views/partials/announcements.php on line 4
[25-Jan-2024 15:43:48 UTC] PHP Notice:  Undefined property: stdClass::$is_enabled in /home2/ixocakuy/codigoqr.cetivirgendelapuerta.com/qrconbd/themes/altum/views/partials/cookie_consent.php on line 3
[25-Jan-2024 15:54:03 UTC] PHP Notice:  Undefined property: stdClass::$paypal in /home2/ixocakuy/codigoqr.cetivirgendelapuerta.com/qrconbd/themes/altum/views/qr/index.php on line 11
[25-Jan-2024 15:54:03 UTC] PHP Notice:  Undefined property: stdClass::$qr_code_reader_is_enabled in /home2/ixocakuy/codigoqr.cetivirgendelapuerta.com/qrconbd/themes/altum/views/partials/menu.php on line 23
[25-Jan-2024 15:54:03 UTC] PHP Notice:  Undefined property: stdClass::$contact in /home2/ixocakuy/codigoqr.cetivirgendelapuerta.com/qrconbd/themes/altum/views/partials/footer.php on line 64
[25-Jan-2024 15:54:03 UTC] PHP Notice:  Undefined property: stdClass::$is_enabled in /home2/ixocakuy/codigoqr.cetivirgendelapuerta.com/qrconbd/themes/altum/views/partials/footer.php on line 68
[25-Jan-2024 15:54:03 UTC] PHP Notice:  Undefined property: stdClass::$guests_content in /home2/ixocakuy/codigoqr.cetivirgendelapuerta.com/qrconbd/themes/altum/views/partials/announcements.php on line 4
[25-Jan-2024 15:54:03 UTC] PHP Notice:  Undefined property: stdClass::$users_content in /home2/ixocakuy/codigoqr.cetivirgendelapuerta.com/qrconbd/themes/altum/views/partials/announcements.php on line 4
[25-Jan-2024 15:54:03 UTC] PHP Notice:  Undefined property: stdClass::$is_enabled in /home2/ixocakuy/codigoqr.cetivirgendelapuerta.com/qrconbd/themes/altum/views/partials/cookie_consent.php on line 3
[25-Jan-2024 15:54:11 UTC] PHP Notice:  Undefined property: stdClass::$links_limit in /home2/ixocakuy/codigoqr.cetivirgendelapuerta.com/qrconbd/themes/altum/views/partials/plans_plan_content.php on line 31
[25-Jan-2024 15:54:11 UTC] PHP Notice:  Undefined property: stdClass::$sensitive_content_is_enabled in /home2/ixocakuy/codigoqr.cetivirgendelapuerta.com/qrconbd/themes/altum/views/partials/plans_plan_content.php on line 128
[25-Jan-2024 15:54:11 UTC] PHP Notice:  Undefined property: stdClass::$qr_reader_is_enabled in /home2/ixocakuy/codigoqr.cetivirgendelapuerta.com/qrconbd/themes/altum/views/partials/plans_plan_content.php on line 146
[25-Jan-2024 15:54:11 UTC] PHP Notice:  Undefined property: stdClass::$sensitive_content_is_enabled in /home2/ixocakuy/codigoqr.cetivirgendelapuerta.com/qrconbd/themes/altum/views/partials/plans_plan_content.php on line 128
[25-Jan-2024 15:54:11 UTC] PHP Notice:  Undefined property: stdClass::$qr_reader_is_enabled in /home2/ixocakuy/codigoqr.cetivirgendelapuerta.com/qrconbd/themes/altum/views/partials/plans_plan_content.php on line 146
[25-Jan-2024 15:54:11 UTC] PHP Notice:  Undefined property: stdClass::$qr_code_reader_is_enabled in /home2/ixocakuy/codigoqr.cetivirgendelapuerta.com/qrconbd/themes/altum/views/partials/menu.php on line 23
[25-Jan-2024 15:54:11 UTC] PHP Notice:  Undefined property: stdClass::$contact in /home2/ixocakuy/codigoqr.cetivirgendelapuerta.com/qrconbd/themes/altum/views/partials/footer.php on line 64
[25-Jan-2024 15:54:11 UTC] PHP Notice:  Undefined property: stdClass::$is_enabled in /home2/ixocakuy/codigoqr.cetivirgendelapuerta.com/qrconbd/themes/altum/views/partials/footer.php on line 68
[25-Jan-2024 15:54:11 UTC] PHP Notice:  Undefined property: stdClass::$guests_content in /home2/ixocakuy/codigoqr.cetivirgendelapuerta.com/qrconbd/themes/altum/views/partials/announcements.php on line 4
[25-Jan-2024 15:54:11 UTC] PHP Notice:  Undefined property: stdClass::$users_content in /home2/ixocakuy/codigoqr.cetivirgendelapuerta.com/qrconbd/themes/altum/views/partials/announcements.php on line 4
[25-Jan-2024 15:54:11 UTC] PHP Notice:  Undefined property: stdClass::$is_enabled in /home2/ixocakuy/codigoqr.cetivirgendelapuerta.com/qrconbd/themes/altum/views/partials/cookie_consent.php on line 3
[25-Jan-2024 15:54:14 UTC] PHP Notice:  Undefined property: stdClass::$paypal in /home2/ixocakuy/codigoqr.cetivirgendelapuerta.com/qrconbd/themes/altum/views/qr/index.php on line 11
[25-Jan-2024 15:54:14 UTC] PHP Notice:  Undefined property: stdClass::$qr_code_reader_is_enabled in /home2/ixocakuy/codigoqr.cetivirgendelapuerta.com/qrconbd/themes/altum/views/partials/menu.php on line 23
[25-Jan-2024 15:54:14 UTC] PHP Notice:  Undefined property: stdClass::$contact in /home2/ixocakuy/codigoqr.cetivirgendelapuerta.com/qrconbd/themes/altum/views/partials/footer.php on line 64
[25-Jan-2024 15:54:14 UTC] PHP Notice:  Undefined property: stdClass::$is_enabled in /home2/ixocakuy/codigoqr.cetivirgendelapuerta.com/qrconbd/themes/altum/views/partials/footer.php on line 68
[25-Jan-2024 15:54:14 UTC] PHP Notice:  Undefined property: stdClass::$guests_content in /home2/ixocakuy/codigoqr.cetivirgendelapuerta.com/qrconbd/themes/altum/views/partials/announcements.php on line 4
[25-Jan-2024 15:54:14 UTC] PHP Notice:  Undefined property: stdClass::$users_content in /home2/ixocakuy/codigoqr.cetivirgendelapuerta.com/qrconbd/themes/altum/views/partials/announcements.php on line 4
[25-Jan-2024 15:54:14 UTC] PHP Notice:  Undefined property: stdClass::$is_enabled in /home2/ixocakuy/codigoqr.cetivirgendelapuerta.com/qrconbd/themes/altum/views/partials/cookie_consent.php on line 3
[25-Jan-2024 15:54:15 UTC] PHP Notice:  Undefined property: stdClass::$links_limit in /home2/ixocakuy/codigoqr.cetivirgendelapuerta.com/qrconbd/themes/altum/views/partials/plans_plan_content.php on line 31
[25-Jan-2024 15:54:15 UTC] PHP Notice:  Undefined property: stdClass::$sensitive_content_is_enabled in /home2/ixocakuy/codigoqr.cetivirgendelapuerta.com/qrconbd/themes/altum/views/partials/plans_plan_content.php on line 128
[25-Jan-2024 15:54:15 UTC] PHP Notice:  Undefined property: stdClass::$qr_reader_is_enabled in /home2/ixocakuy/codigoqr.cetivirgendelapuerta.com/qrconbd/themes/altum/views/partials/plans_plan_content.php on line 146
[25-Jan-2024 15:54:15 UTC] PHP Notice:  Undefined property: stdClass::$sensitive_content_is_enabled in /home2/ixocakuy/codigoqr.cetivirgendelapuerta.com/qrconbd/themes/altum/views/partials/plans_plan_content.php on line 128
[25-Jan-2024 15:54:15 UTC] PHP Notice:  Undefined property: stdClass::$qr_reader_is_enabled in /home2/ixocakuy/codigoqr.cetivirgendelapuerta.com/qrconbd/themes/altum/views/partials/plans_plan_content.php on line 146
[25-Jan-2024 15:54:15 UTC] PHP Notice:  Undefined property: stdClass::$qr_code_reader_is_enabled in /home2/ixocakuy/codigoqr.cetivirgendelapuerta.com/qrconbd/themes/altum/views/partials/menu.php on line 23
[25-Jan-2024 15:54:15 UTC] PHP Notice:  Undefined property: stdClass::$contact in /home2/ixocakuy/codigoqr.cetivirgendelapuerta.com/qrconbd/themes/altum/views/partials/footer.php on line 64
[25-Jan-2024 15:54:15 UTC] PHP Notice:  Undefined property: stdClass::$is_enabled in /home2/ixocakuy/codigoqr.cetivirgendelapuerta.com/qrconbd/themes/altum/views/partials/footer.php on line 68
[25-Jan-2024 15:54:15 UTC] PHP Notice:  Undefined property: stdClass::$guests_content in /home2/ixocakuy/codigoqr.cetivirgendelapuerta.com/qrconbd/themes/altum/views/partials/announcements.php on line 4
[25-Jan-2024 15:54:15 UTC] PHP Notice:  Undefined property: stdClass::$users_content in /home2/ixocakuy/codigoqr.cetivirgendelapuerta.com/qrconbd/themes/altum/views/partials/announcements.php on line 4
[25-Jan-2024 15:54:15 UTC] PHP Notice:  Undefined property: stdClass::$is_enabled in /home2/ixocakuy/codigoqr.cetivirgendelapuerta.com/qrconbd/themes/altum/views/partials/cookie_consent.php on line 3
[25-Jan-2024 15:54:18 UTC] PHP Notice:  Undefined property: stdClass::$paypal in /home2/ixocakuy/codigoqr.cetivirgendelapuerta.com/qrconbd/themes/altum/views/qr/index.php on line 11
[25-Jan-2024 15:54:18 UTC] PHP Notice:  Undefined property: stdClass::$qr_code_reader_is_enabled in /home2/ixocakuy/codigoqr.cetivirgendelapuerta.com/qrconbd/themes/altum/views/partials/menu.php on line 23
[25-Jan-2024 15:54:18 UTC] PHP Notice:  Undefined property: stdClass::$contact in /home2/ixocakuy/codigoqr.cetivirgendelapuerta.com/qrconbd/themes/altum/views/partials/footer.php on line 64
[25-Jan-2024 15:54:18 UTC] PHP Notice:  Undefined property: stdClass::$is_enabled in /home2/ixocakuy/codigoqr.cetivirgendelapuerta.com/qrconbd/themes/altum/views/partials/footer.php on line 68
[25-Jan-2024 15:54:18 UTC] PHP Notice:  Undefined property: stdClass::$guests_content in /home2/ixocakuy/codigoqr.cetivirgendelapuerta.com/qrconbd/themes/altum/views/partials/announcements.php on line 4
[25-Jan-2024 15:54:18 UTC] PHP Notice:  Undefined property: stdClass::$users_content in /home2/ixocakuy/codigoqr.cetivirgendelapuerta.com/qrconbd/themes/altum/views/partials/announcements.php on line 4
[25-Jan-2024 15:54:18 UTC] PHP Notice:  Undefined property: stdClass::$is_enabled in /home2/ixocakuy/codigoqr.cetivirgendelapuerta.com/qrconbd/themes/altum/views/partials/cookie_consent.php on line 3
[25-Jan-2024 15:54:26 UTC] PHP Notice:  Undefined property: stdClass::$paypal in /home2/ixocakuy/codigoqr.cetivirgendelapuerta.com/qrconbd/themes/altum/views/qr/index.php on line 11
[25-Jan-2024 15:54:26 UTC] PHP Notice:  Undefined property: stdClass::$qr_code_reader_is_enabled in /home2/ixocakuy/codigoqr.cetivirgendelapuerta.com/qrconbd/themes/altum/views/partials/menu.php on line 23
[25-Jan-2024 15:54:26 UTC] PHP Notice:  Undefined property: stdClass::$contact in /home2/ixocakuy/codigoqr.cetivirgendelapuerta.com/qrconbd/themes/altum/views/partials/footer.php on line 64
[25-Jan-2024 15:54:26 UTC] PHP Notice:  Undefined property: stdClass::$is_enabled in /home2/ixocakuy/codigoqr.cetivirgendelapuerta.com/qrconbd/themes/altum/views/partials/footer.php on line 68
[25-Jan-2024 15:54:26 UTC] PHP Notice:  Undefined property: stdClass::$guests_content in /home2/ixocakuy/codigoqr.cetivirgendelapuerta.com/qrconbd/themes/altum/views/partials/announcements.php on line 4
[25-Jan-2024 15:54:26 UTC] PHP Notice:  Undefined property: stdClass::$users_content in /home2/ixocakuy/codigoqr.cetivirgendelapuerta.com/qrconbd/themes/altum/views/partials/announcements.php on line 4
[25-Jan-2024 15:54:26 UTC] PHP Notice:  Undefined property: stdClass::$is_enabled in /home2/ixocakuy/codigoqr.cetivirgendelapuerta.com/qrconbd/themes/altum/views/partials/cookie_consent.php on line 3
[25-Jan-2024 15:54:27 UTC] PHP Notice:  Undefined property: stdClass::$paypal in /home2/ixocakuy/codigoqr.cetivirgendelapuerta.com/qrconbd/themes/altum/views/qr/index.php on line 11
[25-Jan-2024 15:54:27 UTC] PHP Notice:  Undefined property: stdClass::$qr_code_reader_is_enabled in /home2/ixocakuy/codigoqr.cetivirgendelapuerta.com/qrconbd/themes/altum/views/partials/menu.php on line 23
[25-Jan-2024 15:54:27 UTC] PHP Notice:  Undefined property: stdClass::$contact in /home2/ixocakuy/codigoqr.cetivirgendelapuerta.com/qrconbd/themes/altum/views/partials/footer.php on line 64
[25-Jan-2024 15:54:27 UTC] PHP Notice:  Undefined property: stdClass::$is_enabled in /home2/ixocakuy/codigoqr.cetivirgendelapuerta.com/qrconbd/themes/altum/views/partials/footer.php on line 68
[25-Jan-2024 15:54:27 UTC] PHP Notice:  Undefined property: stdClass::$guests_content in /home2/ixocakuy/codigoqr.cetivirgendelapuerta.com/qrconbd/themes/altum/views/partials/announcements.php on line 4
[25-Jan-2024 15:54:27 UTC] PHP Notice:  Undefined property: stdClass::$users_content in /home2/ixocakuy/codigoqr.cetivirgendelapuerta.com/qrconbd/themes/altum/views/partials/announcements.php on line 4
[25-Jan-2024 15:54:27 UTC] PHP Notice:  Undefined property: stdClass::$is_enabled in /home2/ixocakuy/codigoqr.cetivirgendelapuerta.com/qrconbd/themes/altum/views/partials/cookie_consent.php on line 3
[25-Jan-2024 15:54:28 UTC] PHP Warning:  Invalid argument supplied for foreach() in /home2/ixocakuy/codigoqr.cetivirgendelapuerta.com/qrconbd/themes/altum/views/qr/partials/url_form.php on line 16
[25-Jan-2024 15:54:28 UTC] PHP Notice:  Undefined property: stdClass::$paypal in /home2/ixocakuy/codigoqr.cetivirgendelapuerta.com/qrconbd/themes/altum/views/qr/index.php on line 11
[25-Jan-2024 15:54:28 UTC] PHP Notice:  Undefined property: stdClass::$qr_code_reader_is_enabled in /home2/ixocakuy/codigoqr.cetivirgendelapuerta.com/qrconbd/themes/altum/views/partials/menu.php on line 23
[25-Jan-2024 15:54:28 UTC] PHP Notice:  Undefined property: stdClass::$contact in /home2/ixocakuy/codigoqr.cetivirgendelapuerta.com/qrconbd/themes/altum/views/partials/footer.php on line 64
[25-Jan-2024 15:54:28 UTC] PHP Notice:  Undefined property: stdClass::$is_enabled in /home2/ixocakuy/codigoqr.cetivirgendelapuerta.com/qrconbd/themes/altum/views/partials/footer.php on line 68
[25-Jan-2024 15:54:28 UTC] PHP Notice:  Undefined property: stdClass::$guests_content in /home2/ixocakuy/codigoqr.cetivirgendelapuerta.com/qrconbd/themes/altum/views/partials/announcements.php on line 4
[25-Jan-2024 15:54:28 UTC] PHP Notice:  Undefined property: stdClass::$users_content in /home2/ixocakuy/codigoqr.cetivirgendelapuerta.com/qrconbd/themes/altum/views/partials/announcements.php on line 4
[25-Jan-2024 15:54:28 UTC] PHP Notice:  Undefined property: stdClass::$is_enabled in /home2/ixocakuy/codigoqr.cetivirgendelapuerta.com/qrconbd/themes/altum/views/partials/cookie_consent.php on line 3
[25-Jan-2024 15:54:28 UTC] PHP Notice:  Undefined property: stdClass::$paypal in /home2/ixocakuy/codigoqr.cetivirgendelapuerta.com/qrconbd/themes/altum/views/qr/index.php on line 11
[25-Jan-2024 15:54:28 UTC] PHP Notice:  Undefined property: stdClass::$qr_code_reader_is_enabled in /home2/ixocakuy/codigoqr.cetivirgendelapuerta.com/qrconbd/themes/altum/views/partials/menu.php on line 23
[25-Jan-2024 15:54:28 UTC] PHP Notice:  Undefined property: stdClass::$contact in /home2/ixocakuy/codigoqr.cetivirgendelapuerta.com/qrconbd/themes/altum/views/partials/footer.php on line 64
[25-Jan-2024 15:54:28 UTC] PHP Notice:  Undefined property: stdClass::$is_enabled in /home2/ixocakuy/codigoqr.cetivirgendelapuerta.com/qrconbd/themes/altum/views/partials/footer.php on line 68
[25-Jan-2024 15:54:28 UTC] PHP Notice:  Undefined property: stdClass::$guests_content in /home2/ixocakuy/codigoqr.cetivirgendelapuerta.com/qrconbd/themes/altum/views/partials/announcements.php on line 4
[25-Jan-2024 15:54:28 UTC] PHP Notice:  Undefined property: stdClass::$users_content in /home2/ixocakuy/codigoqr.cetivirgendelapuerta.com/qrconbd/themes/altum/views/partials/announcements.php on line 4
[25-Jan-2024 15:54:28 UTC] PHP Notice:  Undefined property: stdClass::$is_enabled in /home2/ixocakuy/codigoqr.cetivirgendelapuerta.com/qrconbd/themes/altum/views/partials/cookie_consent.php on line 3
[25-Jan-2024 15:54:32 UTC] PHP Notice:  Undefined property: stdClass::$links_limit in /home2/ixocakuy/codigoqr.cetivirgendelapuerta.com/qrconbd/themes/altum/views/partials/plans_plan_content.php on line 31
[25-Jan-2024 15:54:32 UTC] PHP Notice:  Undefined property: stdClass::$sensitive_content_is_enabled in /home2/ixocakuy/codigoqr.cetivirgendelapuerta.com/qrconbd/themes/altum/views/partials/plans_plan_content.php on line 128
[25-Jan-2024 15:54:32 UTC] PHP Notice:  Undefined property: stdClass::$qr_reader_is_enabled in /home2/ixocakuy/codigoqr.cetivirgendelapuerta.com/qrconbd/themes/altum/views/partials/plans_plan_content.php on line 146
[25-Jan-2024 15:54:32 UTC] PHP Notice:  Undefined property: stdClass::$sensitive_content_is_enabled in /home2/ixocakuy/codigoqr.cetivirgendelapuerta.com/qrconbd/themes/altum/views/partials/plans_plan_content.php on line 128
[25-Jan-2024 15:54:32 UTC] PHP Notice:  Undefined property: stdClass::$qr_reader_is_enabled in /home2/ixocakuy/codigoqr.cetivirgendelapuerta.com/qrconbd/themes/altum/views/partials/plans_plan_content.php on line 146
[25-Jan-2024 15:54:32 UTC] PHP Notice:  Undefined property: stdClass::$qr_code_reader_is_enabled in /home2/ixocakuy/codigoqr.cetivirgendelapuerta.com/qrconbd/themes/altum/views/partials/menu.php on line 23
[25-Jan-2024 15:54:32 UTC] PHP Notice:  Undefined property: stdClass::$contact in /home2/ixocakuy/codigoqr.cetivirgendelapuerta.com/qrconbd/themes/altum/views/partials/footer.php on line 64
[25-Jan-2024 15:54:32 UTC] PHP Notice:  Undefined property: stdClass::$is_enabled in /home2/ixocakuy/codigoqr.cetivirgendelapuerta.com/qrconbd/themes/altum/views/partials/footer.php on line 68
[25-Jan-2024 15:54:32 UTC] PHP Notice:  Undefined property: stdClass::$guests_content in /home2/ixocakuy/codigoqr.cetivirgendelapuerta.com/qrconbd/themes/altum/views/partials/announcements.php on line 4
[25-Jan-2024 15:54:32 UTC] PHP Notice:  Undefined property: stdClass::$users_content in /home2/ixocakuy/codigoqr.cetivirgendelapuerta.com/qrconbd/themes/altum/views/partials/announcements.php on line 4
[25-Jan-2024 15:54:32 UTC] PHP Notice:  Undefined property: stdClass::$is_enabled in /home2/ixocakuy/codigoqr.cetivirgendelapuerta.com/qrconbd/themes/altum/views/partials/cookie_consent.php on line 3
[25-Jan-2024 15:54:52 UTC] PHP Notice:  Undefined property: stdClass::$links_limit in /home2/ixocakuy/codigoqr.cetivirgendelapuerta.com/qrconbd/themes/altum/views/partials/plans_plan_content.php on line 31
[25-Jan-2024 15:54:52 UTC] PHP Notice:  Undefined property: stdClass::$sensitive_content_is_enabled in /home2/ixocakuy/codigoqr.cetivirgendelapuerta.com/qrconbd/themes/altum/views/partials/plans_plan_content.php on line 128
[25-Jan-2024 15:54:52 UTC] PHP Notice:  Undefined property: stdClass::$qr_reader_is_enabled in /home2/ixocakuy/codigoqr.cetivirgendelapuerta.com/qrconbd/themes/altum/views/partials/plans_plan_content.php on line 146
[25-Jan-2024 15:54:52 UTC] PHP Notice:  Undefined property: stdClass::$sensitive_content_is_enabled in /home2/ixocakuy/codigoqr.cetivirgendelapuerta.com/qrconbd/themes/altum/views/partials/plans_plan_content.php on line 128
[25-Jan-2024 15:54:52 UTC] PHP Notice:  Undefined property: stdClass::$qr_reader_is_enabled in /home2/ixocakuy/codigoqr.cetivirgendelapuerta.com/qrconbd/themes/altum/views/partials/plans_plan_content.php on line 146
[25-Jan-2024 15:54:52 UTC] PHP Notice:  Undefined property: stdClass::$qr_code_reader_is_enabled in /home2/ixocakuy/codigoqr.cetivirgendelapuerta.com/qrconbd/themes/altum/views/partials/menu.php on line 23
[25-Jan-2024 15:54:52 UTC] PHP Notice:  Undefined property: stdClass::$contact in /home2/ixocakuy/codigoqr.cetivirgendelapuerta.com/qrconbd/themes/altum/views/partials/footer.php on line 64
[25-Jan-2024 15:54:52 UTC] PHP Notice:  Undefined property: stdClass::$is_enabled in /home2/ixocakuy/codigoqr.cetivirgendelapuerta.com/qrconbd/themes/altum/views/partials/footer.php on line 68
[25-Jan-2024 15:54:52 UTC] PHP Notice:  Undefined property: stdClass::$guests_content in /home2/ixocakuy/codigoqr.cetivirgendelapuerta.com/qrconbd/themes/altum/views/partials/announcements.php on line 4
[25-Jan-2024 15:54:52 UTC] PHP Notice:  Undefined property: stdClass::$users_content in /home2/ixocakuy/codigoqr.cetivirgendelapuerta.com/qrconbd/themes/altum/views/partials/announcements.php on line 4
[25-Jan-2024 15:54:52 UTC] PHP Notice:  Undefined property: stdClass::$is_enabled in /home2/ixocakuy/codigoqr.cetivirgendelapuerta.com/qrconbd/themes/altum/views/partials/cookie_consent.php on line 3
[25-Jan-2024 15:54:57 UTC] PHP Notice:  Undefined property: stdClass::$guests_content in /home2/ixocakuy/codigoqr.cetivirgendelapuerta.com/qrconbd/themes/altum/views/partials/announcements.php on line 4
[25-Jan-2024 15:54:57 UTC] PHP Notice:  Undefined property: stdClass::$users_content in /home2/ixocakuy/codigoqr.cetivirgendelapuerta.com/qrconbd/themes/altum/views/partials/announcements.php on line 4
[25-Jan-2024 15:54:57 UTC] PHP Notice:  Undefined property: stdClass::$is_enabled in /home2/ixocakuy/codigoqr.cetivirgendelapuerta.com/qrconbd/themes/altum/views/partials/cookie_consent.php on line 3
[25-Jan-2024 15:54:59 UTC] PHP Notice:  Undefined property: stdClass::$links_limit in /home2/ixocakuy/codigoqr.cetivirgendelapuerta.com/qrconbd/themes/altum/views/partials/plans_plan_content.php on line 31
[25-Jan-2024 15:54:59 UTC] PHP Notice:  Undefined property: stdClass::$sensitive_content_is_enabled in /home2/ixocakuy/codigoqr.cetivirgendelapuerta.com/qrconbd/themes/altum/views/partials/plans_plan_content.php on line 128
[25-Jan-2024 15:54:59 UTC] PHP Notice:  Undefined property: stdClass::$qr_reader_is_enabled in /home2/ixocakuy/codigoqr.cetivirgendelapuerta.com/qrconbd/themes/altum/views/partials/plans_plan_content.php on line 146
[25-Jan-2024 15:54:59 UTC] PHP Notice:  Undefined property: stdClass::$sensitive_content_is_enabled in /home2/ixocakuy/codigoqr.cetivirgendelapuerta.com/qrconbd/themes/altum/views/partials/plans_plan_content.php on line 128
[25-Jan-2024 15:54:59 UTC] PHP Notice:  Undefined property: stdClass::$qr_reader_is_enabled in /home2/ixocakuy/codigoqr.cetivirgendelapuerta.com/qrconbd/themes/altum/views/partials/plans_plan_content.php on line 146
[25-Jan-2024 15:54:59 UTC] PHP Notice:  Undefined property: stdClass::$qr_code_reader_is_enabled in /home2/ixocakuy/codigoqr.cetivirgendelapuerta.com/qrconbd/themes/altum/views/partials/menu.php on line 23
[25-Jan-2024 15:54:59 UTC] PHP Notice:  Undefined property: stdClass::$contact in /home2/ixocakuy/codigoqr.cetivirgendelapuerta.com/qrconbd/themes/altum/views/partials/footer.php on line 64
[25-Jan-2024 15:54:59 UTC] PHP Notice:  Undefined property: stdClass::$is_enabled in /home2/ixocakuy/codigoqr.cetivirgendelapuerta.com/qrconbd/themes/altum/views/partials/footer.php on line 68
[25-Jan-2024 15:54:59 UTC] PHP Notice:  Undefined property: stdClass::$guests_content in /home2/ixocakuy/codigoqr.cetivirgendelapuerta.com/qrconbd/themes/altum/views/partials/announcements.php on line 4
[25-Jan-2024 15:54:59 UTC] PHP Notice:  Undefined property: stdClass::$users_content in /home2/ixocakuy/codigoqr.cetivirgendelapuerta.com/qrconbd/themes/altum/views/partials/announcements.php on line 4
[25-Jan-2024 15:54:59 UTC] PHP Notice:  Undefined property: stdClass::$is_enabled in /home2/ixocakuy/codigoqr.cetivirgendelapuerta.com/qrconbd/themes/altum/views/partials/cookie_consent.php on line 3
[25-Jan-2024 15:55:00 UTC] PHP Notice:  Undefined property: stdClass::$guests_content in /home2/ixocakuy/codigoqr.cetivirgendelapuerta.com/qrconbd/themes/altum/views/partials/announcements.php on line 4
[25-Jan-2024 15:55:00 UTC] PHP Notice:  Undefined property: stdClass::$users_content in /home2/ixocakuy/codigoqr.cetivirgendelapuerta.com/qrconbd/themes/altum/views/partials/announcements.php on line 4
[25-Jan-2024 15:55:00 UTC] PHP Notice:  Undefined property: stdClass::$is_enabled in /home2/ixocakuy/codigoqr.cetivirgendelapuerta.com/qrconbd/themes/altum/views/partials/cookie_consent.php on line 3
[25-Jan-2024 15:55:02 UTC] PHP Notice:  Undefined property: stdClass::$links_limit in /home2/ixocakuy/codigoqr.cetivirgendelapuerta.com/qrconbd/themes/altum/views/partials/plans_plan_content.php on line 31
[25-Jan-2024 15:55:02 UTC] PHP Notice:  Undefined property: stdClass::$sensitive_content_is_enabled in /home2/ixocakuy/codigoqr.cetivirgendelapuerta.com/qrconbd/themes/altum/views/partials/plans_plan_content.php on line 128
[25-Jan-2024 15:55:02 UTC] PHP Notice:  Undefined property: stdClass::$qr_reader_is_enabled in /home2/ixocakuy/codigoqr.cetivirgendelapuerta.com/qrconbd/themes/altum/views/partials/plans_plan_content.php on line 146
[25-Jan-2024 15:55:02 UTC] PHP Notice:  Undefined property: stdClass::$sensitive_content_is_enabled in /home2/ixocakuy/codigoqr.cetivirgendelapuerta.com/qrconbd/themes/altum/views/partials/plans_plan_content.php on line 128
[25-Jan-2024 15:55:02 UTC] PHP Notice:  Undefined property: stdClass::$qr_reader_is_enabled in /home2/ixocakuy/codigoqr.cetivirgendelapuerta.com/qrconbd/themes/altum/views/partials/plans_plan_content.php on line 146
[25-Jan-2024 15:55:02 UTC] PHP Notice:  Undefined property: stdClass::$qr_code_reader_is_enabled in /home2/ixocakuy/codigoqr.cetivirgendelapuerta.com/qrconbd/themes/altum/views/partials/menu.php on line 23
[25-Jan-2024 15:55:02 UTC] PHP Notice:  Undefined property: stdClass::$contact in /home2/ixocakuy/codigoqr.cetivirgendelapuerta.com/qrconbd/themes/altum/views/partials/footer.php on line 64
[25-Jan-2024 15:55:02 UTC] PHP Notice:  Undefined property: stdClass::$is_enabled in /home2/ixocakuy/codigoqr.cetivirgendelapuerta.com/qrconbd/themes/altum/views/partials/footer.php on line 68
[25-Jan-2024 15:55:02 UTC] PHP Notice:  Undefined property: stdClass::$guests_content in /home2/ixocakuy/codigoqr.cetivirgendelapuerta.com/qrconbd/themes/altum/views/partials/announcements.php on line 4
[25-Jan-2024 15:55:02 UTC] PHP Notice:  Undefined property: stdClass::$users_content in /home2/ixocakuy/codigoqr.cetivirgendelapuerta.com/qrconbd/themes/altum/views/partials/announcements.php on line 4
[25-Jan-2024 15:55:02 UTC] PHP Notice:  Undefined property: stdClass::$is_enabled in /home2/ixocakuy/codigoqr.cetivirgendelapuerta.com/qrconbd/themes/altum/views/partials/cookie_consent.php on line 3
[25-Jan-2024 15:55:12 UTC] PHP Notice:  Undefined property: stdClass::$paypal in /home2/ixocakuy/codigoqr.cetivirgendelapuerta.com/qrconbd/themes/altum/views/qr/index.php on line 11
[25-Jan-2024 15:55:12 UTC] PHP Notice:  Undefined property: stdClass::$qr_code_reader_is_enabled in /home2/ixocakuy/codigoqr.cetivirgendelapuerta.com/qrconbd/themes/altum/views/partials/menu.php on line 23
[25-Jan-2024 15:55:12 UTC] PHP Notice:  Undefined property: stdClass::$contact in /home2/ixocakuy/codigoqr.cetivirgendelapuerta.com/qrconbd/themes/altum/views/partials/footer.php on line 64
[25-Jan-2024 15:55:12 UTC] PHP Notice:  Undefined property: stdClass::$is_enabled in /home2/ixocakuy/codigoqr.cetivirgendelapuerta.com/qrconbd/themes/altum/views/partials/footer.php on line 68
[25-Jan-2024 15:55:12 UTC] PHP Notice:  Undefined property: stdClass::$guests_content in /home2/ixocakuy/codigoqr.cetivirgendelapuerta.com/qrconbd/themes/altum/views/partials/announcements.php on line 4
[25-Jan-2024 15:55:12 UTC] PHP Notice:  Undefined property: stdClass::$users_content in /home2/ixocakuy/codigoqr.cetivirgendelapuerta.com/qrconbd/themes/altum/views/partials/announcements.php on line 4
[25-Jan-2024 15:55:12 UTC] PHP Notice:  Undefined property: stdClass::$is_enabled in /home2/ixocakuy/codigoqr.cetivirgendelapuerta.com/qrconbd/themes/altum/views/partials/cookie_consent.php on line 3
[25-Jan-2024 16:00:12 UTC] PHP Notice:  Undefined property: stdClass::$paypal in /home2/ixocakuy/codigoqr.cetivirgendelapuerta.com/qrconbd/themes/altum/views/qr/index.php on line 11
[25-Jan-2024 16:00:12 UTC] PHP Notice:  Undefined property: stdClass::$qr_code_reader_is_enabled in /home2/ixocakuy/codigoqr.cetivirgendelapuerta.com/qrconbd/themes/altum/views/partials/menu.php on line 23
[25-Jan-2024 16:00:12 UTC] PHP Notice:  Undefined property: stdClass::$contact in /home2/ixocakuy/codigoqr.cetivirgendelapuerta.com/qrconbd/themes/altum/views/partials/footer.php on line 64
[25-Jan-2024 16:00:12 UTC] PHP Notice:  Undefined property: stdClass::$is_enabled in /home2/ixocakuy/codigoqr.cetivirgendelapuerta.com/qrconbd/themes/altum/views/partials/footer.php on line 68
[25-Jan-2024 16:00:12 UTC] PHP Notice:  Undefined property: stdClass::$guests_content in /home2/ixocakuy/codigoqr.cetivirgendelapuerta.com/qrconbd/themes/altum/views/partials/announcements.php on line 4
[25-Jan-2024 16:00:12 UTC] PHP Notice:  Undefined property: stdClass::$users_content in /home2/ixocakuy/codigoqr.cetivirgendelapuerta.com/qrconbd/themes/altum/views/partials/announcements.php on line 4
[25-Jan-2024 16:00:12 UTC] PHP Notice:  Undefined property: stdClass::$is_enabled in /home2/ixocakuy/codigoqr.cetivirgendelapuerta.com/qrconbd/themes/altum/views/partials/cookie_consent.php on line 3
